<?xml version="1.0" encoding="UTF-8"?>
<!-- Generated by org.testng.reporters.JUnitXMLReporter -->
<testsuite hostname="DESKTOP-IP83E5J" ignored="0" name="TestExecution" tests="15" failures="0" timestamp="27 Oct 2022 05:58:14 GMT" time="0.156" errors="0">
  <testcase name="Test1" time="0.016" classname="casetestng.SuiteLevelExecution"/>
  <testcase name="Test2" time="0.002" classname="casetestng.SuiteLevelExecution"/>
  <testcase name="Test3" time="0.005" classname="casetestng.SuiteLevelExecution"/>
  <testcase name="Test4" time="0.003" classname="casetestng.SuiteLevelExecution"/>
  <testcase name="Test5" time="0.0" classname="casetestng.SuiteLevelExecution"/>
  <testcase name="Test10" time="0.004" classname="casetestng.SuiteLevelExecution2"/>
  <testcase name="Test20" time="0.0" classname="casetestng.SuiteLevelExecution2"/>
  <testcase name="Test30" time="0.0" classname="casetestng.SuiteLevelExecution2"/>
  <testcase name="Test40" time="0.0" classname="casetestng.SuiteLevelExecution2"/>
  <testcase name="Test50" time="0.005" classname="casetestng.SuiteLevelExecution2"/>
  <testcase name="Test101" time="0.006" classname="casetestng.SuiteLevelExecution3"/>
  <testcase name="Test201" time="0.001" classname="casetestng.SuiteLevelExecution3"/>
  <testcase name="Test301" time="0.002" classname="casetestng.SuiteLevelExecution3"/>
  <testcase name="Test401" time="0.001" classname="casetestng.SuiteLevelExecution3"/>
  <testcase name="Test501" time="0.003" classname="casetestng.SuiteLevelExecution3"/>
</testsuite> <!-- TestExecution -->
